TN:
SF:src/errors.ts
FN:15,(anonymous_0)
FN:38,(anonymous_1)
FN:49,(anonymous_2)
FN:60,(anonymous_3)
FN:71,(anonymous_4)
FN:82,(anonymous_5)
FN:93,(anonymous_6)
FN:104,(anonymous_7)
FN:115,(anonymous_8)
FN:128,(anonymous_9)
FN:139,(anonymous_10)
FN:150,(anonymous_11)
FN:161,(anonymous_12)
FN:172,(anonymous_13)
FN:185,(anonymous_14)
FN:196,(anonymous_15)
FNF:16
FNH:16
FNDA:17,(anonymous_0)
FNDA:1,(anonymous_1)
FNDA:1,(anonymous_2)
FNDA:1,(anonymous_3)
FNDA:1,(anonymous_4)
FNDA:1,(anonymous_5)
FNDA:1,(anonymous_6)
FNDA:1,(anonymous_7)
FNDA:1,(anonymous_8)
FNDA:1,(anonymous_9)
FNDA:1,(anonymous_10)
FNDA:1,(anonymous_11)
FNDA:1,(anonymous_12)
FNDA:1,(anonymous_13)
FNDA:1,(anonymous_14)
FNDA:1,(anonymous_15)
DA:9,1
DA:22,17
DA:23,17
DA:24,17
DA:25,17
DA:26,17
DA:27,17
DA:30,17
DA:31,17
DA:39,1
DA:48,1
DA:50,1
DA:59,1
DA:61,1
DA:70,1
DA:72,1
DA:81,1
DA:83,1
DA:92,1
DA:94,1
DA:103,1
DA:105,1
DA:114,1
DA:116,1
DA:127,1
DA:129,1
DA:138,1
DA:140,1
DA:149,1
DA:151,1
DA:160,1
DA:162,1
DA:171,1
DA:173,1
DA:184,1
DA:186,1
DA:195,1
DA:197,1
DA:208,1
LF:39
LH:39
BRDA:18,0,0,0
BRDA:19,1,0,2
BRDA:20,2,0,16
BRDA:30,3,0,17
BRDA:30,3,1,0
BRDA:60,4,0,1
BRDA:172,5,0,0
BRF:7
BRH:4
end_of_record
TN:
SF:src/classes/BotPlayer.ts
FN:14,(anonymous_0)
FN:22,(anonymous_1)
FN:38,(anonymous_2)
FN:55,(anonymous_3)
FN:58,(anonymous_4)
FN:85,(anonymous_5)
FN:101,(anonymous_6)
FN:118,(anonymous_7)
FN:129,(anonymous_8)
FN:132,(anonymous_9)
FN:135,(anonymous_10)
FN:141,(anonymous_11)
FN:145,(anonymous_12)
FN:149,(anonymous_13)
FN:170,(anonymous_14)
FNF:15
FNH:15
FNDA:16,(anonymous_0)
FNDA:1,(anonymous_1)
FNDA:3,(anonymous_2)
FNDA:4,(anonymous_3)
FNDA:20,(anonymous_4)
FNDA:46,(anonymous_5)
FNDA:8,(anonymous_6)
FNDA:6,(anonymous_7)
FNDA:8,(anonymous_8)
FNDA:2,(anonymous_9)
FNDA:2,(anonymous_10)
FNDA:6,(anonymous_11)
FNDA:1,(anonymous_12)
FNDA:2,(anonymous_13)
FNDA:3,(anonymous_14)
DA:1,3
DA:4,3
DA:10,3
DA:11,16
DA:15,16
DA:16,16
DA:23,1
DA:24,1
DA:25,1
DA:26,1
DA:27,1
DA:28,1
DA:41,3
DA:46,3
DA:57,4
DA:58,4
DA:59,20
DA:63,4
DA:64,4
DA:65,4
DA:66,16
DA:67,4
DA:68,4
DA:74,4
DA:75,4
DA:76,4
DA:78,4
DA:79,4
DA:80,4
DA:82,11
DA:85,46
DA:86,11
DA:87,8
DA:88,8
DA:94,4
DA:95,0
DA:98,4
DA:101,8
DA:105,4
DA:119,6
DA:120,1
DA:121,1
DA:127,5
DA:129,8
DA:131,3
DA:132,2
DA:133,2
DA:135,2
DA:136,1
DA:140,2
DA:141,6
DA:143,2
DA:145,1
DA:146,1
DA:149,2
DA:150,1
DA:154,5
DA:161,5
DA:171,3
DA:173,3
DA:175,9
DA:177,9
DA:178,9
DA:182,3
LF:64
LH:63
BRDA:66,0,0,4
BRDA:66,0,1,12
BRDA:82,1,0,0
BRDA:82,1,1,11
BRDA:82,2,0,11
BRDA:82,2,1,0
BRDA:85,3,0,46
BRDA:85,3,1,9
BRDA:86,4,0,8
BRDA:86,4,1,3
BRDA:88,5,0,4
BRDA:88,5,1,4
BRDA:119,6,0,1
BRDA:119,6,1,5
BRDA:127,7,0,3
BRDA:127,7,1,2
BRDA:131,8,0,2
BRDA:131,8,1,1
BRDA:132,9,0,0
BRDA:132,9,1,2
BRDA:135,10,0,2
BRDA:135,10,1,0
BRDA:143,11,0,1
BRDA:143,11,1,1
BRDA:145,12,0,1
BRDA:145,12,1,0
BRDA:149,13,0,2
BRDA:149,13,1,0
BRDA:177,14,0,3
BRDA:177,14,1,6
BRDA:178,15,0,3
BRDA:178,15,1,6
BRF:32
BRH:26
end_of_record
TN:
SF:src/classes/Card.ts
FN:9,(anonymous_0)
FN:16,(anonymous_1)
FN:25,(anonymous_2)
FN:30,(anonymous_3)
FNF:4
FNH:3
FNDA:2315,(anonymous_0)
FNDA:2315,(anonymous_1)
FNDA:2315,(anonymous_2)
FNDA:0,(anonymous_3)
DA:3,6
DA:10,2315
DA:11,2315
DA:12,2315
DA:13,2315
DA:17,2315
DA:18,2256
DA:19,2026
DA:20,1850
DA:21,1612
DA:22,1369
DA:26,2315
DA:27,2315
DA:31,0
LF:14
LH:13
BRDA:17,0,0,59
BRDA:17,0,1,2256
BRDA:17,1,0,2315
BRDA:17,1,1,580
BRDA:18,2,0,230
BRDA:18,2,1,2026
BRDA:19,3,0,176
BRDA:19,3,1,1850
BRDA:20,4,0,238
BRDA:20,4,1,1612
BRDA:21,5,0,243
BRDA:21,5,1,1369
BRF:12
BRH:12
end_of_record
TN:
SF:src/classes/Deck.ts
FN:7,(anonymous_0)
FN:11,(anonymous_1)
FN:23,(anonymous_2)
FN:30,(anonymous_3)
FN:34,(anonymous_4)
FNF:5
FNH:5
FNDA:55,(anonymous_0)
FNDA:56,(anonymous_1)
FNDA:2,(anonymous_2)
FNDA:12,(anonymous_3)
FNDA:2,(anonymous_4)
DA:1,3
DA:4,3
DA:5,55
DA:8,55
DA:12,56
DA:13,56
DA:14,56
DA:16,56
DA:17,224
DA:18,2240
DA:24,2
DA:25,78
DA:26,78
DA:31,12
DA:35,2
LF:15
LH:15
BRF:0
BRH:0
end_of_record
TN:
SF:src/classes/Game.ts
FN:29,(anonymous_0)
FN:37,(anonymous_1)
FN:42,(anonymous_2)
FN:55,(anonymous_3)
FN:62,(anonymous_4)
FN:79,(anonymous_5)
FN:100,(anonymous_6)
FN:114,(anonymous_7)
FN:120,(anonymous_8)
FN:132,(anonymous_9)
FN:145,(anonymous_10)
FN:174,(anonymous_11)
FN:175,(anonymous_12)
FN:190,(anonymous_13)
FN:203,(anonymous_14)
FN:205,(anonymous_15)
FN:220,(anonymous_16)
FN:228,(anonymous_17)
FN:233,(anonymous_18)
FN:246,(anonymous_19)
FN:256,(anonymous_20)
FN:258,(anonymous_21)
FN:264,(anonymous_22)
FN:304,(anonymous_23)
FN:309,(anonymous_24)
FN:318,(anonymous_25)
FN:331,(anonymous_26)
FN:334,(anonymous_27)
FN:338,(anonymous_28)
FN:340,(anonymous_29)
FN:349,(anonymous_30)
FN:351,(anonymous_31)
FN:356,(anonymous_32)
FN:360,(anonymous_33)
FN:366,(anonymous_34)
FN:368,(anonymous_35)
FN:371,(anonymous_36)
FN:379,(anonymous_37)
FN:389,(anonymous_38)
FN:397,(anonymous_39)
FN:399,(anonymous_40)
FN:428,(anonymous_41)
FN:430,(anonymous_42)
FN:445,(anonymous_43)
FN:475,(anonymous_44)
FN:476,(anonymous_45)
FN:485,(anonymous_46)
FN:490,(anonymous_47)
FN:505,(anonymous_48)
FN:531,(anonymous_49)
FN:542,(anonymous_50)
FN:552,(anonymous_51)
FN:555,(anonymous_52)
FN:564,(anonymous_53)
FN:567,(anonymous_54)
FN:569,(anonymous_55)
FNF:56
FNH:10
FNDA:42,(anonymous_0)
FNDA:0,(anonymous_1)
FNDA:0,(anonymous_2)
FNDA:0,(anonymous_3)
FNDA:0,(anonymous_4)
FNDA:0,(anonymous_5)
FNDA:42,(anonymous_6)
FNDA:35,(anonymous_7)
FNDA:0,(anonymous_8)
FNDA:0,(anonymous_9)
FNDA:0,(anonymous_10)
FNDA:3,(anonymous_11)
FNDA:4,(anonymous_12)
FNDA:5,(anonymous_13)
FNDA:0,(anonymous_14)
FNDA:0,(anonymous_15)
FNDA:0,(anonymous_16)
FNDA:0,(anonymous_17)
FNDA:0,(anonymous_18)
FNDA:0,(anonymous_19)
FNDA:0,(anonymous_20)
FNDA:0,(anonymous_21)
FNDA:0,(anonymous_22)
FNDA:0,(anonymous_23)
FNDA:0,(anonymous_24)
FNDA:0,(anonymous_25)
FNDA:0,(anonymous_26)
FNDA:0,(anonymous_27)
FNDA:0,(anonymous_28)
FNDA:0,(anonymous_29)
FNDA:0,(anonymous_30)
FNDA:0,(anonymous_31)
FNDA:0,(anonymous_32)
FNDA:0,(anonymous_33)
FNDA:0,(anonymous_34)
FNDA:0,(anonymous_35)
FNDA:0,(anonymous_36)
FNDA:0,(anonymous_37)
FNDA:0,(anonymous_38)
FNDA:0,(anonymous_39)
FNDA:0,(anonymous_40)
FNDA:0,(anonymous_41)
FNDA:0,(anonymous_42)
FNDA:0,(anonymous_43)
FNDA:0,(anonymous_44)
FNDA:0,(anonymous_45)
FNDA:0,(anonymous_46)
FNDA:0,(anonymous_47)
FNDA:0,(anonymous_48)
FNDA:0,(anonymous_49)
FNDA:0,(anonymous_50)
FNDA:38,(anonymous_51)
FNDA:62,(anonymous_52)
FNDA:62,(anonymous_53)
FNDA:152,(anonymous_54)
FNDA:0,(anonymous_55)
DA:2,2
DA:3,2
DA:5,2
DA:6,2
DA:7,2
DA:9,2
DA:11,42
DA:16,42
DA:17,42
DA:18,42
DA:19,42
DA:20,42
DA:21,42
DA:24,42
DA:30,42
DA:31,42
DA:32,42
DA:33,42
DA:38,0
DA:43,0
DA:45,0
DA:46,0
DA:48,0
DA:49,0
DA:55,0
DA:56,0
DA:64,0
DA:66,0
DA:68,0
DA:69,0
DA:71,0
DA:72,0
DA:75,0
DA:76,0
DA:79,0
DA:81,0
DA:82,0
DA:85,0
DA:86,0
DA:87,0
DA:93,0
DA:95,0
DA:101,42
DA:117,35
DA:119,0
DA:120,0
DA:122,0
DA:123,0
DA:125,0
DA:126,0
DA:127,0
DA:128,0
DA:129,0
DA:132,0
DA:133,0
DA:134,0
DA:136,0
DA:140,0
DA:141,0
DA:145,0
DA:146,0
DA:147,0
DA:152,0
DA:154,0
DA:162,0
DA:163,0
DA:167,35
DA:168,35
DA:169,35
DA:170,35
DA:171,35
DA:175,4
DA:178,3
DA:179,0
DA:180,0
DA:190,5
DA:191,3
DA:192,3
DA:200,3
DA:205,0
DA:206,0
DA:207,0
DA:208,0
DA:209,0
DA:213,0
DA:217,0
DA:221,0
DA:223,0
DA:224,0
DA:225,0
DA:228,0
DA:229,0
DA:233,0
DA:234,0
DA:236,0
DA:237,0
DA:240,0
DA:241,0
DA:243,0
DA:244,0
DA:246,0
DA:250,0
DA:253,0
DA:257,0
DA:258,0
DA:259,0
DA:261,0
DA:262,0
DA:264,0
DA:265,0
DA:267,0
DA:268,0
DA:270,0
DA:271,0
DA:277,0
DA:278,0
DA:280,0
DA:282,0
DA:283,0
DA:286,0
DA:287,0
DA:288,0
DA:292,0
DA:293,0
DA:294,0
DA:296,0
DA:297,0
DA:298,0
DA:301,0
DA:305,0
DA:306,0
DA:309,0
DA:310,0
DA:312,0
DA:313,0
DA:314,0
DA:317,0
DA:318,0
DA:321,0
DA:322,0
DA:324,0
DA:328,0
DA:330,0
DA:331,0
DA:332,0
DA:334,0
DA:335,0
DA:336,0
DA:338,0
DA:340,0
DA:343,0
DA:346,0
DA:351,0
DA:352,0
DA:356,0
DA:357,0
DA:359,0
DA:360,0
DA:361,0
DA:363,0
DA:368,0
DA:371,0
DA:372,0
DA:373,0
DA:377,0
DA:378,0
DA:379,0
DA:380,0
DA:382,0
DA:383,0
DA:390,0
DA:391,0
DA:394,0
DA:398,0
DA:399,0
DA:400,0
DA:402,0
DA:405,0
DA:408,0
DA:409,0
DA:410,0
DA:414,0
DA:417,0
DA:420,0
DA:421,0
DA:423,0
DA:424,0
DA:430,0
DA:431,0
DA:433,0
DA:435,0
DA:436,0
DA:438,0
DA:440,0
DA:442,0
DA:447,0
DA:448,0
DA:449,0
DA:451,0
DA:452,0
DA:454,0
DA:456,0
DA:457,0
DA:458,0
DA:460,0
DA:461,0
DA:462,0
DA:464,0
DA:466,0
DA:467,0
DA:468,0
DA:475,0
DA:476,0
DA:477,0
DA:478,0
DA:482,0
DA:485,0
DA:487,0
DA:490,0
DA:491,0
DA:494,0
DA:495,0
DA:497,0
DA:500,0
DA:506,0
DA:509,0
DA:510,0
DA:512,0
DA:513,0
DA:514,0
DA:516,0
DA:521,0
DA:524,0
DA:531,0
DA:532,0
DA:533,0
DA:542,0
DA:549,0
DA:555,62
DA:564,38
DA:565,62
DA:567,152
DA:569,0
DA:572,62
LF:244
LH:36
BRDA:43,0,0,0
BRDA:43,0,1,0
BRDA:43,1,0,0
BRDA:43,1,1,0
BRDA:46,2,0,0
BRDA:46,2,1,0
BRDA:48,3,0,0
BRDA:48,3,1,0
BRDA:66,4,0,0
BRDA:66,4,1,0
BRDA:66,4,2,0
BRDA:69,5,0,0
BRDA:69,5,1,0
BRDA:86,6,0,0
BRDA:86,6,1,0
BRDA:117,7,0,0
BRDA:117,7,1,35
BRDA:122,8,0,0
BRDA:122,8,1,0
BRDA:133,9,0,0
BRDA:133,9,1,0
BRDA:140,10,0,0
BRDA:140,10,1,0
BRDA:146,11,0,0
BRDA:146,11,1,0
BRDA:167,12,0,0
BRDA:167,12,1,35
BRDA:178,13,0,0
BRDA:178,13,1,3
BRDA:178,14,0,3
BRDA:178,14,1,3
BRDA:191,15,0,3
BRDA:191,15,1,0
BRDA:221,16,0,0
BRDA:221,16,1,0
BRDA:234,17,0,0
BRDA:234,17,1,0
BRDA:257,18,0,0
BRDA:257,18,1,0
BRDA:259,19,0,0
BRDA:259,19,1,0
BRDA:261,20,0,0
BRDA:261,20,1,0
BRDA:265,21,0,0
BRDA:265,21,1,0
BRDA:265,22,0,0
BRDA:265,22,1,0
BRDA:280,23,0,0
BRDA:280,23,1,0
BRDA:286,24,0,0
BRDA:286,24,1,0
BRDA:305,25,0,0
BRDA:305,25,1,0
BRDA:306,26,0,0
BRDA:306,26,1,0
BRDA:310,27,0,0
BRDA:310,27,1,0
BRDA:312,28,0,0
BRDA:312,28,1,0
BRDA:322,29,0,0
BRDA:322,29,1,0
BRDA:357,30,0,0
BRDA:357,30,1,0
BRDA:372,31,0,0
BRDA:372,31,1,0
BRDA:380,32,0,0
BRDA:380,32,1,0
BRDA:382,33,0,0
BRDA:382,33,1,0
BRDA:398,34,0,0
BRDA:398,34,1,0
BRDA:400,35,0,0
BRDA:400,35,1,0
BRDA:408,36,0,0
BRDA:408,36,1,0
BRDA:420,37,0,0
BRDA:420,37,1,0
BRDA:430,38,0,0
BRDA:430,38,1,0
BRDA:431,39,0,0
BRDA:431,39,1,0
BRDA:433,40,0,0
BRDA:433,40,1,0
BRDA:438,41,0,0
BRDA:438,41,1,0
BRDA:440,42,0,0
BRDA:440,42,1,0
BRDA:454,43,0,0
BRDA:454,43,1,0
BRDA:454,44,0,0
BRDA:454,44,1,0
BRDA:458,45,0,0
BRDA:458,45,1,0
BRDA:458,46,0,0
BRDA:458,46,1,0
BRDA:460,47,0,0
BRDA:460,47,1,0
BRDA:464,48,0,0
BRDA:464,48,1,0
BRDA:464,49,0,0
BRDA:464,49,1,0
BRDA:466,50,0,0
BRDA:466,50,1,0
BRDA:466,51,0,0
BRDA:466,51,1,0
BRDA:477,52,0,0
BRDA:477,52,1,0
BRDA:494,53,0,0
BRDA:494,53,1,0
BRDA:513,54,0,0
BRDA:513,54,1,0
BRDA:532,55,0,0
BRDA:532,55,1,0
BRDA:534,56,0,0
BRDA:534,56,1,0
BRDA:539,57,0,0
BRDA:539,57,1,0
BRDA:569,58,0,62
BRDA:569,58,1,90
BRF:119
BRH:8
end_of_record
TN:
SF:src/classes/Player.ts
FN:12,(anonymous_0)
FN:17,(anonymous_1)
FN:22,(anonymous_2)
FN:23,(anonymous_3)
FN:29,(anonymous_4)
FN:30,(anonymous_5)
FN:33,(anonymous_6)
FN:35,(anonymous_7)
FN:41,(anonymous_8)
FN:43,(anonymous_9)
FNF:10
FNH:1
FNDA:63,(anonymous_0)
FNDA:0,(anonymous_1)
FNDA:0,(anonymous_2)
FNDA:0,(anonymous_3)
FNDA:0,(anonymous_4)
FNDA:0,(anonymous_5)
FNDA:0,(anonymous_6)
FNDA:0,(anonymous_7)
FNDA:0,(anonymous_8)
FNDA:0,(anonymous_9)
DA:4,4
DA:7,63
DA:8,63
DA:9,63
DA:10,63
DA:13,63
DA:14,63
DA:18,0
DA:19,0
DA:23,0
DA:24,0
DA:25,0
DA:30,0
DA:35,0
DA:36,0
DA:37,0
DA:43,0
LF:17
LH:7
BRDA:23,0,0,0
BRDA:23,0,1,0
BRDA:24,1,0,0
BRDA:24,1,1,0
BRDA:36,2,0,0
BRDA:36,2,1,0
BRF:6
BRH:0
end_of_record
TN:
SF:src/classes/Room.ts
FN:37,(anonymous_0)
FN:54,(anonymous_1)
FN:61,(anonymous_2)
FN:68,(anonymous_3)
FN:75,(anonymous_4)
FN:76,(anonymous_5)
FN:84,(anonymous_6)
FN:97,(anonymous_7)
FN:104,(anonymous_8)
FN:111,(anonymous_9)
FN:187,(anonymous_10)
FN:190,(anonymous_11)
FN:214,(anonymous_12)
FN:223,(anonymous_13)
FN:250,(anonymous_14)
FNF:15
FNH:13
FNDA:42,(anonymous_0)
FNDA:2,(anonymous_1)
FNDA:0,(anonymous_2)
FNDA:45,(anonymous_3)
FNDA:41,(anonymous_4)
FNDA:31,(anonymous_5)
FNDA:36,(anonymous_6)
FNDA:40,(anonymous_7)
FNDA:39,(anonymous_8)
FNDA:38,(anonymous_9)
FNDA:3,(anonymous_10)
FNDA:4,(anonymous_11)
FNDA:4,(anonymous_12)
FNDA:0,(anonymous_13)
FNDA:1,(anonymous_14)
DA:2,2
DA:4,2
DA:20,2
DA:26,42
DA:34,42
DA:38,42
DA:39,42
DA:40,42
DA:41,42
DA:42,42
DA:44,42
DA:45,42
DA:47,42
DA:48,42
DA:55,2
DA:62,0
DA:69,45
DA:76,41
DA:77,31
DA:86,36
DA:88,2
DA:91,34
DA:98,40
DA:105,39
DA:112,38
DA:115,38
DA:117,0
DA:118,0
DA:119,0
DA:120,0
DA:127,0
DA:133,38
DA:134,1
DA:137,1
DA:141,37
DA:142,1
DA:145,1
DA:149,36
DA:150,1
DA:153,1
DA:157,35
DA:159,35
DA:160,35
DA:163,35
DA:164,22
DA:165,22
DA:172,13
DA:181,35
DA:188,3
DA:190,4
DA:192,3
DA:193,3
DA:196,3
DA:197,1
DA:198,1
DA:204,3
DA:216,4
DA:224,0
DA:227,0
DA:228,0
DA:232,0
DA:235,0
DA:236,0
DA:240,0
DA:243,0
DA:244,0
DA:251,1
LF:67
LH:52
BRDA:37,0,0,23
BRDA:44,1,0,42
BRDA:44,1,1,42
BRDA:45,2,0,42
BRDA:45,2,1,42
BRDA:86,3,0,2
BRDA:86,3,1,34
BRDA:86,4,0,36
BRDA:86,4,1,23
BRDA:86,4,2,21
BRDA:86,4,3,21
BRDA:115,5,0,0
BRDA:115,5,1,38
BRDA:118,6,0,0
BRDA:118,6,1,0
BRDA:133,7,0,1
BRDA:133,7,1,37
BRDA:141,8,0,1
BRDA:141,8,1,36
BRDA:149,9,0,1
BRDA:149,9,1,35
BRDA:159,10,0,35
BRDA:159,10,1,0
BRDA:163,11,0,22
BRDA:163,11,1,13
BRDA:196,12,0,1
BRDA:196,12,1,2
BRDA:196,13,0,3
BRDA:196,13,1,2
BRDA:216,14,0,4
BRDA:216,14,1,2
BRDA:227,15,0,0
BRDA:227,15,1,0
BRDA:235,16,0,0
BRDA:235,16,1,0
BRF:35
BRH:27
end_of_record
TN:
SF:src/classes/RoomManager.ts
FN:20,(anonymous_0)
FN:31,(anonymous_1)
FN:32,(anonymous_2)
FN:44,(anonymous_3)
FN:55,(anonymous_4)
FN:83,(anonymous_5)
FN:90,(anonymous_6)
FN:97,(anonymous_7)
FN:113,(anonymous_8)
FN:120,(anonymous_9)
FN:127,(anonymous_10)
FN:129,(anonymous_11)
FN:138,(anonymous_12)
FN:142,(anonymous_13)
FN:167,(anonymous_14)
FN:195,(anonymous_15)
FN:202,(anonymous_16)
FNF:17
FNH:16
FNDA:21,(anonymous_0)
FNDA:21,(anonymous_1)
FNDA:0,(anonymous_2)
FNDA:21,(anonymous_3)
FNDA:19,(anonymous_4)
FNDA:4,(anonymous_5)
FNDA:5,(anonymous_6)
FNDA:2,(anonymous_7)
FNDA:2,(anonymous_8)
FNDA:3,(anonymous_9)
FNDA:3,(anonymous_10)
FNDA:4,(anonymous_11)
FNDA:1,(anonymous_12)
FNDA:1,(anonymous_13)
FNDA:3,(anonymous_14)
FNDA:1,(anonymous_15)
FNDA:1,(anonymous_16)
DA:2,1
DA:3,1
DA:4,1
DA:6,1
DA:7,1
DA:8,1
DA:14,1
DA:16,21
DA:18,21
DA:21,21
DA:22,21
DA:25,21
DA:32,21
DA:33,0
DA:36,21
DA:45,21
DA:46,21
DA:47,21
DA:48,21
DA:57,19
DA:60,19
DA:61,19
DA:62,19
DA:64,19
DA:65,0
DA:69,19
DA:70,19
DA:72,19
DA:77,19
DA:84,4
DA:91,5
DA:98,2
DA:100,2
DA:101,1
DA:107,2
DA:114,2
DA:121,3
DA:128,3
DA:129,3
DA:130,4
DA:132,3
DA:139,1
DA:140,1
DA:142,1
DA:143,1
DA:146,1
DA:147,0
DA:148,0
DA:149,0
DA:156,1
DA:157,0
DA:168,3
DA:169,2
DA:174,1
DA:176,1
DA:177,0
DA:182,0
DA:187,1
DA:189,1
DA:196,1
DA:202,1
DA:203,1
DA:212,1
LF:63
LH:55
BRDA:45,0,0,21
BRDA:45,0,1,0
BRDA:55,1,0,19
BRDA:64,2,0,0
BRDA:64,2,1,19
BRDA:100,3,0,1
BRDA:100,3,1,1
BRDA:146,4,0,0
BRDA:146,4,1,1
BRDA:146,5,0,1
BRDA:146,5,1,0
BRDA:156,6,0,0
BRDA:156,6,1,1
BRDA:168,7,0,2
BRDA:168,7,1,1
BRDA:176,8,0,0
BRDA:176,8,1,1
BRF:17
BRH:11
end_of_record
TN:
SF:src/services/CodeGenerator.ts
FN:16,generateRoomCode
FN:31,isValidRoomCode
FN:37,(anonymous_2)
FNF:3
FNH:3
FNDA:223,generateRoomCode
FNDA:27,isValidRoomCode
FNDA:91,(anonymous_2)
DA:7,2
DA:16,2
DA:17,223
DA:18,223
DA:19,1338
DA:20,1338
DA:22,223
DA:31,2
DA:32,27
DA:33,7
DA:37,91
LF:11
LH:11
BRDA:16,0,0,221
BRDA:32,1,0,7
BRDA:32,1,1,20
BRDA:32,2,0,27
BRDA:32,2,1,24
BRDA:32,2,2,21
BRF:6
BRH:6
end_of_record
TN:
SF:src/services/Logger.ts
FN:16,(anonymous_1)
FN:26,(anonymous_2)
FN:33,(anonymous_3)
FN:85,(anonymous_4)
FN:92,(anonymous_5)
FN:99,(anonymous_6)
FN:106,(anonymous_7)
FN:110,(anonymous_8)
FN:114,(anonymous_9)
FN:118,(anonymous_10)
FN:122,(anonymous_11)
FN:126,(anonymous_12)
FN:146,(anonymous_13)
FN:158,(anonymous_14)
FN:169,(anonymous_15)
FN:181,(anonymous_16)
FNF:16
FNH:8
FNDA:150,(anonymous_1)
FNDA:463,(anonymous_2)
FNDA:165,(anonymous_3)
FNDA:124,(anonymous_4)
FNDA:0,(anonymous_5)
FNDA:0,(anonymous_6)
FNDA:0,(anonymous_7)
FNDA:162,(anonymous_8)
FNDA:12,(anonymous_9)
FNDA:146,(anonymous_10)
FNDA:4,(anonymous_11)
FNDA:0,(anonymous_12)
FNDA:0,(anonymous_13)
FNDA:0,(anonymous_14)
FNDA:0,(anonymous_15)
FNDA:0,(anonymous_16)
DA:1,3
DA:16,3
DA:17,150
DA:19,150
DA:20,150
DA:21,150
DA:23,150
DA:26,150
DA:27,463
DA:30,150
DA:31,150
DA:32,87
DA:33,165
DA:34,87
DA:37,150
DA:41,3
DA:60,3
DA:61,0
DA:69,0
DA:82,3
DA:86,124
DA:93,0
DA:100,0
DA:107,0
DA:111,162
DA:115,12
DA:119,146
DA:123,4
DA:127,0
DA:128,0
DA:137,0
DA:147,0
DA:159,0
DA:170,0
DA:182,0
DA:183,0
DA:193,3
DA:196,3
LF:38
LH:25
BRDA:19,0,0,104
BRDA:19,0,1,46
BRDA:20,1,0,44
BRDA:20,1,1,106
BRDA:21,2,0,0
BRDA:21,2,1,150
BRDA:23,3,0,107
BRDA:23,3,1,43
BRDA:31,4,0,87
BRDA:31,4,1,63
BRDA:42,5,0,3
BRDA:42,5,1,3
BRDA:60,6,0,0
BRDA:60,6,1,3
BRDA:85,7,0,3
BRDA:127,8,0,0
BRDA:127,8,1,0
BRDA:182,9,0,0
BRDA:182,9,1,0
BRF:19
BRH:13
end_of_record
